#
# A fatal error has been detected by the Java Runtime Environment:
#
#  EXCEPTION_ACCESS_VIOLATION (0xc0000005) at pc=0x689a4bff, pid=5504, tid=0x00001b40
#
# JRE version: Java(TM) SE Runtime Environment (8.0_161-b12) (build 1.8.0_161-b12)
# Java VM: Java HotSpot(TM) Client VM (25.161-b12 mixed mode windows-x86 )
# Problematic frame:
# V  [jvm.dll+0xa4bff]
#
# Failed to write core dump. Minidumps are not enabled by default on client versions of Windows
#
# If you would like to submit a bug report, please visit:
#   http://bugreport.java.com/bugreport/crash.jsp
#

---------------  T H R E A D  ---------------

Current thread (0x44e70400):  VMThread [stack: 0x00d80000,0x00dd0000] [id=6976]

siginfo: ExceptionCode=0xc0000005, reading address 0x00000015

Registers:
EAX=0x448e8191, EBX=0x00000001, ECX=0x00000014, EDX=0x00000010
ESP=0x00dcf7c8, EBP=0x00dcf7d8, ESI=0x00000001, EDI=0x00000018
EIP=0x689a4bff, EFLAGS=0x00010206

Top of Stack: (sp=0x00dcf7c8)
0x00dcf7c8:   00000018 00d7c450 00000002 00d7c450
0x00dcf7d8:   00dcf808 689a5134 00d7c930 19d62cb4
0x00dcf7e8:   2536cac8 00d7c450 19d62cb4 f3c0247a
0x00dcf7f8:   00002d41 19d50000 0aaac000 00c84ef8
0x00dcf808:   00dcf824 689a517e 19d62cb4 00000000
0x00dcf818:   00d7c450 00c84ef8 00c84f4c 00dcf834
0x00dcf828:   689a51dd 00d7c450 00000000 00dcf9e4
0x00dcf838:   68999bc2 00000000 00c84ea8 00c84ef8 

Instructions: (pc=0x689a4bff)
0x689a4bdf:   8b 18 56 57 0f 84 9d 00 00 00 85 db 0f 84 74 01
0x689a4bef:   00 00 8b 0d f8 b2 c7 68 8b 15 fc b2 c7 68 8b f3
0x689a4bff:   8b 1c 19 89 34 32 3b de 74 29 a1 f8 b2 c7 68 8b
0x689a4c0f:   0d f0 92 c8 68 03 c6 83 79 08 01 75 0b c1 e8 09 


Register to memory mapping:

EAX=0x448e8191 is an unknown value
EBX=0x00000001 is an unknown value
ECX=0x00000014 is an unknown value
EDX=0x00000010 is an unknown value
ESP=0x00dcf7c8 is an unknown value
EBP=0x00dcf7d8 is an unknown value
ESI=0x00000001 is an unknown value
EDI=0x00000018 is an unknown value


Stack: [0x00d80000,0x00dd0000],  sp=0x00dcf7c8,  free space=317k
Native frames: (J=compiled Java code, j=interpreted, Vv=VM code, C=native code)
V  [jvm.dll+0xa4bff]
V  [jvm.dll+0xa5134]
V  [jvm.dll+0xa517e]
V  [jvm.dll+0xa51dd]
V  [jvm.dll+0x99bc2]
V  [jvm.dll+0x93b25]
V  [jvm.dll+0x1b9ef6]
V  [jvm.dll+0x18411b]
V  [jvm.dll+0x183521]
V  [jvm.dll+0x183937]
V  [jvm.dll+0x183b32]
V  [jvm.dll+0x1c3be6]
C  [msvcr100.dll+0x10fac]
C  [msvcr100.dll+0x110b1]
C  [KERNEL32.DLL+0x2850d]
C  [ntdll.dll+0x5bf39]
C  [ntdll.dll+0x5bf0c]

VM_Operation (0x5207f0e8): GenCollectForAllocation, mode: safepoint, requested by thread 0x4d458c00


---------------  P R O C E S S  ---------------

Java Threads: ( => current thread )
  0x4d459800 JavaThread "Tasks limiter_4" daemon [_thread_blocked, id=7384, stack(0x52300000,0x52350000)]
  0x4d459000 JavaThread "Tasks limiter_3" daemon [_thread_blocked, id=5792, stack(0x52150000,0x521a0000)]
  0x4d458c00 JavaThread "Tasks limiter_2" daemon [_thread_blocked, id=2724, stack(0x52030000,0x52080000)]
  0x4d45ac00 JavaThread "Tasks limiter_1" daemon [_thread_blocked, id=5104, stack(0x484f0000,0x48540000)]
  0x46edc000 JavaThread "Worker Daemon Execution Thread 3" [_thread_blocked, id=3852, stack(0x51fa0000,0x51ff0000)]
  0x477d7400 JavaThread "Worker Daemon Execution Thread 2" [_thread_blocked, id=8044, stack(0x51f10000,0x51f60000)]
  0x46edb400 JavaThread "Worker Daemon Execution" [_thread_blocked, id=4004, stack(0x51e80000,0x51ed0000)]
  0x46eda800 
[error occurred during error reporting (printing all threads), id 0xc0000005]

VM state:at safepoint (normal execution)

VM Mutex/Monitor currently owned by a thread:  ([mutex/lock_event])
[0x00dfc498] Threads_lock - owner thread: 0x44e70400
[0x00dfd388] Heap_lock - owner thread: 0x4d458c00

Heap:
 def new generation   total 150336K, used 0K [0x04800000, 0x0eb20000, 0x19d50000)
  eden space 133632K,   0% used [0x04800000, 0x04800000, 0x0ca80000)
  from space 16704K,   0% used [0x0ca80000, 0x0ca80000, 0x0dad0000)
  to   space 16704K,   0% used [0x0dad0000, 0x0dad0000, 0x0eb20000)
 tenured generation   total 349648K, used 186736K [0x19d50000, 0x2f2c4000, 0x44800000)
   the space 349648K,  53% used [0x19d50000, 0x253ac0b8, 0x253ac200, 0x2f2c4000)
 Metaspace       used 80639K, capacity 83964K, committed 94848K, reserved 95616K

Card table byte_map: [0x44800000,0x44a10000] byte_map_base: 0x447dc000

Polling page: 0x006b0000

CodeCache: size=32768Kb used=16731Kb max_used=20319Kb free=16036Kb
 bounds [0x02710000, 0x03b08000, 0x04710000]
 total_blobs=8275 nmethods=7786 adapters=417
 compilation: enabled

Compilation events (10 events):
Event: 21168.900 Thread 0x44ea1000 59568             proguard.classfile.ProgramClass::getSuperClass (27 bytes)
Event: 21168.901 Thread 0x44ea1000 nmethod 59568 0x02c76208 code [0x02c76310, 0x02c763f0]
Event: 21168.904 Thread 0x44ea1000 59569             proguard.classfile.util.ClassSubHierarchyInitializer::addSubclass (12 bytes)
Event: 21168.905 Thread 0x44ea1000 nmethod 59569 0x0317ccc8 code [0x0317cdd0, 0x0317ce6c]
Event: 21168.905 Thread 0x44ea1000 59570             proguard.classfile.util.ClassSubHierarchyInitializer::visitProgramClass (36 bytes)
Event: 21168.906 Thread 0x44ea1000 nmethod 59570 0x030d1188 code [0x030d12c0, 0x030d1488]
Event: 21168.906 Thread 0x44ea1000 59571             proguard.classfile.LibraryClass::addSubClass (63 bytes)
Event: 21168.907 Thread 0x44ea1000 nmethod 59571 0x030d0c48 code [0x030d0d60, 0x030d100c]
Event: 21168.917 Thread 0x44ea1000 59572             proguard.classfile.ProgramClass::addSubClass (63 bytes)
Event: 21168.918 Thread 0x44ea1000 nmethod 59572 0x030d0708 code [0x030d0820, 0x030d0acc]

GC Heap History (10 events):
Event: 21123.875 GC heap after
Heap after GC invocations=350 (full 19):
 def new generation   total 150336K, used 7933K [0x04800000, 0x0eb20000, 0x19d50000)
  eden space 133632K,   0% used [0x04800000, 0x04800000, 0x0ca80000)
  from space 16704K,  47% used [0x0dad0000, 0x0e28f508, 0x0eb20000)
  to   space 16704K,   0% used [0x0ca80000, 0x0ca80000, 0x0dad0000)
 tenured generation   total 333776K, used 238977K [0x19d50000, 0x2e344000, 0x44800000)
   the space 333776K,  71% used [0x19d50000, 0x286b0420, 0x286b0600, 0x2e344000)
 Metaspace       used 80048K, capacity 83355K, committed 94848K, reserved 95616K
}
Event: 21150.490 GC heap before
{Heap before GC invocations=350 (full 19):
 def new generation   total 150336K, used 141565K [0x04800000, 0x0eb20000, 0x19d50000)
  eden space 133632K, 100% used [0x04800000, 0x0ca80000, 0x0ca80000)
  from space 16704K,  47% used [0x0dad0000, 0x0e28f508, 0x0eb20000)
  to   space 16704K,   0% used [0x0ca80000, 0x0ca80000, 0x0dad0000)
 tenured generation   total 333776K, used 238977K [0x19d50000, 0x2e344000, 0x44800000)
   the space 333776K,  71% used [0x19d50000, 0x286b0420, 0x286b0600, 0x2e344000)
 Metaspace       used 80049K, capacity 83355K, committed 94848K, reserved 95616K
Event: 21150.572 GC heap after
Heap after GC invocations=351 (full 19):
 def new generation   total 150336K, used 8407K [0x04800000, 0x0eb20000, 0x19d50000)
  eden space 133632K,   0% used [0x04800000, 0x04800000, 0x0ca80000)
  from space 16704K,  50% used [0x0ca80000, 0x0d2b5e90, 0x0dad0000)
  to   space 16704K,   0% used [0x0dad0000, 0x0dad0000, 0x0eb20000)
 tenured generation   total 333776K, used 238977K [0x19d50000, 0x2e344000, 0x44800000)
   the space 333776K,  71% used [0x19d50000, 0x286b0420, 0x286b0600, 0x2e344000)
 Metaspace       used 80049K, capacity 83355K, committed 94848K, reserved 95616K
}
Event: 21155.809 GC heap before
{Heap before GC invocations=351 (full 19):
 def new generation   total 150336K, used 142039K [0x04800000, 0x0eb20000, 0x19d50000)
  eden space 133632K, 100% used [0x04800000, 0x0ca80000, 0x0ca80000)
  from space 16704K,  50% used [0x0ca80000, 0x0d2b5e90, 0x0dad0000)
  to   space 16704K,   0% used [0x0dad0000, 0x0dad0000, 0x0eb20000)
 tenured generation   total 333776K, used 238977K [0x19d50000, 0x2e344000, 0x44800000)
   the space 333776K,  71% used [0x19d50000, 0x286b0420, 0x286b0600, 0x2e344000)
 Metaspace       used 80492K, capacity 83804K, committed 94848K, reserved 95616K
Event: 21156.053 GC heap after
Heap after GC invocations=352 (full 19):
 def new generation   total 150336K, used 16704K [0x04800000, 0x0eb20000, 0x19d50000)
  eden space 133632K,   0% used [0x04800000, 0x04800000, 0x0ca80000)
  from space 16704K, 100% used [0x0dad0000, 0x0eb20000, 0x0eb20000)
  to   space 16704K,   0% used [0x0ca80000, 0x0ca80000, 0x0dad0000)
 tenured generation   total 333776K, used 255055K [0x19d50000, 0x2e344000, 0x44800000)
   the space 333776K,  76% used [0x19d50000, 0x29663f70, 0x29664000, 0x2e344000)
 Metaspace       used 80492K, capacity 83804K, committed 94848K, reserved 95616K
}
Event: 21157.219 GC heap before
{Heap before GC invocations=352 (full 19):
 def new generation   total 150336K, used 150336K [0x04800000, 0x0eb20000, 0x19d50000)
  eden space 133632K, 100% used [0x04800000, 0x0ca80000, 0x0ca80000)
  from space 16704K, 100% used [0x0dad0000, 0x0eb20000, 0x0eb20000)
  to   space 16704K,   0% used [0x0ca80000, 0x0ca80000, 0x0dad0000)
 tenured generation   total 333776K, used 255055K [0x19d50000, 0x2e344000, 0x44800000)
   the space 333776K,  76% used [0x19d50000, 0x29663f70, 0x29664000, 0x2e344000)
 Metaspace       used 80507K, capacity 83836K, committed 94848K, reserved 95616K
Event: 21157.679 GC heap after
Heap after GC invocations=353 (full 19):
 def new generation   total 150336K, used 16704K [0x04800000, 0x0eb20000, 0x19d50000)
  eden space 133632K,   0% used [0x04800000, 0x04800000, 0x0ca80000)
  from space 16704K, 100% used [0x0ca80000, 0x0dad0000, 0x0dad0000)
  to   space 16704K,   0% used [0x0dad0000, 0x0dad0000, 0x0eb20000)
 tenured generation   total 333776K, used 306595K [0x19d50000, 0x2e344000, 0x44800000)
   the space 333776K,  91% used [0x19d50000, 0x2c8b8fc0, 0x2c8b9000, 0x2e344000)
 Metaspace       used 80507K, capacity 83836K, committed 94848K, reserved 95616K
}
Event: 21161.466 GC heap before
{Heap before GC invocations=353 (full 19):
 def new generation   total 150336K, used 150336K [0x04800000, 0x0eb20000, 0x19d50000)
  eden space 133632K, 100% used [0x04800000, 0x0ca80000, 0x0ca80000)
  from space 16704K, 100% used [0x0ca80000, 0x0dad0000, 0x0dad0000)
  to   space 16704K,   0% used [0x0dad0000, 0x0dad0000, 0x0eb20000)
 tenured generation   total 333776K, used 306595K [0x19d50000, 0x2e344000, 0x44800000)
   the space 333776K,  91% used [0x19d50000, 0x2c8b8fc0, 0x2c8b9000, 0x2e344000)
 Metaspace       used 80572K, capacity 83900K, committed 94848K, reserved 95616K
Event: 21161.817 GC heap after
Heap after GC invocations=354 (full 19):
 def new generation   total 150336K, used 16704K [0x04800000, 0x0eb20000, 0x19d50000)
  eden space 133632K,   0% used [0x04800000, 0x04800000, 0x0ca80000)
  from space 16704K, 100% used [0x0dad0000, 0x0eb20000, 0x0eb20000)
  to   space 16704K,   0% used [0x0ca80000, 0x0ca80000, 0x0dad0000)
 tenured generation   total 333776K, used 332920K [0x19d50000, 0x2e344000, 0x44800000)
   the space 333776K,  99% used [0x19d50000, 0x2e26e348, 0x2e26e400, 0x2e344000)
 Metaspace       used 80572K, capacity 83900K, committed 94848K, reserved 95616K
}
Event: 21168.929 GC heap before
{Heap before GC invocations=354 (full 19):
 def new generation   total 150336K, used 150336K [0x04800000, 0x0eb20000, 0x19d50000)
  eden space 133632K, 100% used [0x04800000, 0x0ca80000, 0x0ca80000)
  from space 16704K, 100% used [0x0dad0000, 0x0eb20000, 0x0eb20000)
  to   space 16704K,   0% used [0x0ca80000, 0x0ca80000, 0x0dad0000)
 tenured generation   total 333776K, used 332920K [0x19d50000, 0x2e344000, 0x44800000)
   the space 333776K,  99% used [0x19d50000, 0x2e26e348, 0x2e26e400, 0x2e344000)
 Metaspace       used 80639K, capacity 83964K, committed 94848K, reserved 95616K

Deoptimization events (0 events):
No events

Classes redefined (0 events):
No events

Internal exceptions (10 events):
Event: 21127.623 Thread 0x4d45a400 Exception <a 'sun/nio/fs/WindowsException'> (0x04d687f8) thrown at [C:\re\workspace\8-2-build-windows-i586-cygwin\jdk8u161\10277\hotspot\src\share\vm\prims\jni.cpp, line 709]
Event: 21127.624 Thread 0x4a1ae000 Exception <a 'sun/nio/fs/WindowsException'> (0x0555f400) thrown at [C:\re\workspace\8-2-build-windows-i586-cygwin\jdk8u161\10277\hotspot\src\share\vm\prims\jni.cpp, line 709]
Event: 21127.624 Thread 0x4d45a400 Exception <a 'sun/nio/fs/WindowsException'> (0x04d69200) thrown at [C:\re\workspace\8-2-build-windows-i586-cygwin\jdk8u161\10277\hotspot\src\share\vm\prims\jni.cpp, line 709]
Event: 21127.624 Thread 0x4a1ae000 Exception <a 'sun/nio/fs/WindowsException'> (0x05560ac8) thrown at [C:\re\workspace\8-2-build-windows-i586-cygwin\jdk8u161\10277\hotspot\src\share\vm\prims\jni.cpp, line 709]
Event: 21127.624 Thread 0x4a1ae000 Exception <a 'sun/nio/fs/WindowsException'> (0x05561530) thrown at [C:\re\workspace\8-2-build-windows-i586-cygwin\jdk8u161\10277\hotspot\src\share\vm\prims\jni.cpp, line 709]
Event: 21127.624 Thread 0x4d45a400 Exception <a 'sun/nio/fs/WindowsException'> (0x04d69c08) thrown at [C:\re\workspace\8-2-build-windows-i586-cygwin\jdk8u161\10277\hotspot\src\share\vm\prims\jni.cpp, line 709]
Event: 21127.624 Thread 0x4a1ae000 Exception <a 'sun/nio/fs/WindowsException'> (0x05562bf8) thrown at [C:\re\workspace\8-2-build-windows-i586-cygwin\jdk8u161\10277\hotspot\src\share\vm\prims\jni.cpp, line 709]
Event: 21127.624 Thread 0x4a1ae000 Exception <a 'sun/nio/fs/WindowsException'> (0x05563660) thrown at [C:\re\workspace\8-2-build-windows-i586-cygwin\jdk8u161\10277\hotspot\src\share\vm\prims\jni.cpp, line 709]
Event: 21127.625 Thread 0x4d45a400 Exception <a 'sun/nio/fs/WindowsException'> (0x04d6a610) thrown at [C:\re\workspace\8-2-build-windows-i586-cygwin\jdk8u161\10277\hotspot\src\share\vm\prims\jni.cpp, line 709]
Event: 21160.158 Thread 0x4d458c00 Implicit null exception at 0x03221ffc to 0x032220c0

Events (10 events):
Event: 21168.724 Thread 0x44ea1000 flushing nmethod 0x035b5408
Event: 21168.724 Thread 0x44ea1000 flushing nmethod 0x035b5608
Event: 21168.724 Thread 0x44ea1000 flushing nmethod 0x035b5808
Event: 21168.724 Thread 0x44ea1000 flushing nmethod 0x035b5a88
Event: 21168.724 Thread 0x44ea1000 flushing nmethod 0x035b5dc8
Event: 21168.812 loading class proguard/classfile/visitor/MultiClassVisitor
Event: 21168.812 loading class proguard/classfile/visitor/MultiClassVisitor done
Event: 21168.897 loading class proguard/classfile/util/ClassSubHierarchyInitializer
Event: 21168.897 loading class proguard/classfile/util/ClassSubHierarchyInitializer done
Event: 21168.927 Executing VM operation: GenCollectForAllocation


Dynamic libraries:
0x012d0000 - 0x01303000 	C:\Program Files (x86)\Java\jdk1.8.0_161\bin\java.exe
0x77bd0000 - 0x77d27000 	C:\Windows\SYSTEM32\ntdll.dll
0x771b0000 - 0x772e0000 	C:\Windows\SYSTEM32\KERNEL32.DLL
0x77710000 - 0x777b6000 	C:\Windows\SYSTEM32\KERNELBASE.dll
0x74a20000 - 0x74ac7000 	C:\Windows\system32\apphelp.dll
0x75960000 - 0x75a0e000 	C:\Windows\SYSTEM32\ADVAPI32.dll
0x777c0000 - 0x778d6000 	C:\Windows\SYSTEM32\USER32.dll
0x73500000 - 0x736f8000 	C:\Windows\WinSxS\x86_microsoft.windows.common-controls_6595b64144ccf1df_6.0.9200.16579_none_8937eec6860750f5\COMCTL32.dll
0x756a0000 - 0x75751000 	C:\Windows\SYSTEM32\msvcrt.dll
0x758d0000 - 0x75904000 	C:\Windows\SYSTEM32\sechost.dll
0x753e0000 - 0x7548c000 	C:\Windows\SYSTEM32\RPCRT4.dll
0x77a10000 - 0x77b0d000 	C:\Windows\SYSTEM32\GDI32.dll
0x75200000 - 0x7521c000 	C:\Windows\SYSTEM32\SspiCli.dll
0x751f0000 - 0x751f9000 	C:\Windows\SYSTEM32\CRYPTBASE.dll
0x75190000 - 0x751e1000 	C:\Windows\SYSTEM32\bcryptPrimitives.dll
0x77170000 - 0x77190000 	C:\Windows\system32\IMM32.DLL
0x76e20000 - 0x76efd000 	C:\Windows\SYSTEM32\MSCTF.dll
0x68cd0000 - 0x68d8d000 	C:\Program Files (x86)\Java\jdk1.8.0_161\jre\bin\msvcr100.dll
0x68900000 - 0x68cd0000 	C:\Program Files (x86)\Java\jdk1.8.0_161\jre\bin\client\jvm.dll
0x744b0000 - 0x744b8000 	C:\Windows\SYSTEM32\WSOCK32.dll
0x74510000 - 0x74531000 	C:\Windows\SYSTEM32\WINMM.dll
0x73dd0000 - 0x73dd8000 	C:\Windows\SYSTEM32\VERSION.dll
0x75690000 - 0x75696000 	C:\Windows\SYSTEM32\PSAPI.DLL
0x75910000 - 0x75960000 	C:\Windows\SYSTEM32\WS2_32.dll
0x744e0000 - 0x7450a000 	C:\Windows\SYSTEM32\WINMMBASE.dll
0x77650000 - 0x77658000 	C:\Windows\SYSTEM32\NSI.dll
0x73300000 - 0x7330c000 	C:\Program Files (x86)\Java\jdk1.8.0_161\jre\bin\verify.dll
0x67820000 - 0x67842000 	C:\Program Files (x86)\Java\jdk1.8.0_161\jre\bin\java.dll
0x688e0000 - 0x688f4000 	C:\Program Files (x86)\Java\jdk1.8.0_161\jre\bin\zip.dll
0x75d50000 - 0x76e16000 	C:\Windows\SYSTEM32\SHELL32.dll
0x77510000 - 0x77646000 	C:\Windows\SYSTEM32\combase.dll
0x77330000 - 0x77370000 	C:\Windows\SYSTEM32\SHLWAPI.dll
0x74af0000 - 0x74b65000 	C:\Windows\SYSTEM32\SHCORE.dll
0x74ad0000 - 0x74ae1000 	C:\Windows\SYSTEM32\profapi.dll
0x67800000 - 0x67815000 	C:\Program Files (x86)\Java\jdk1.8.0_161\jre\bin\net.dll
0x74bd0000 - 0x74c1a000 	C:\Windows\system32\mswsock.dll
0x6f7a0000 - 0x6f7af000 	C:\Program Files (x86)\Java\jdk1.8.0_161\jre\bin\nio.dll
0x677e0000 - 0x677f9000 	C:\Users\Aman\.gradle\native\25\windows-i386\native-platform.dll
0x677d0000 - 0x677da000 	C:\Program Files (x86)\Java\jdk1.8.0_161\jre\bin\management.dll
0x74bb0000 - 0x74bca000 	C:\Windows\SYSTEM32\CRYPTSP.dll
0x74b70000 - 0x74bae000 	C:\Windows\system32\rsaenh.dll
0x741d0000 - 0x741eb000 	C:\Windows\SYSTEM32\USERENV.dll
0x74490000 - 0x744b0000 	C:\Windows\SYSTEM32\IPHLPAPI.DLL
0x74480000 - 0x74488000 	C:\Windows\SYSTEM32\WINNSI.DLL
0x74470000 - 0x74480000 	C:\Windows\SYSTEM32\dhcpcsvc6.DLL
0x74450000 - 0x74462000 	C:\Windows\SYSTEM32\dhcpcsvc.DLL
0x71400000 - 0x71420000 	C:\Program Files (x86)\Java\jdk1.8.0_161\jre\bin\sunec.dll
0x73b20000 - 0x73b95000 	C:\Windows\SYSTEM32\DNSAPI.dll
0x74220000 - 0x74227000 	C:\Windows\System32\rasadhlp.dll
0x74410000 - 0x7444f000 	C:\Windows\System32\fwpuclnt.dll
0x68df0000 - 0x68df9000 	C:\Program Files (x86)\Java\jdk1.8.0_161\jre\bin\sunmscapi.dll
0x754f0000 - 0x75672000 	C:\Windows\SYSTEM32\CRYPT32.dll
0x75bc0000 - 0x75bd2000 	C:\Windows\SYSTEM32\MSASN1.dll
0x732d0000 - 0x732f6000 	C:\Windows\SYSTEM32\ntmarta.dll
0x52d60000 - 0x52e3f000 	C:\Temp\room-3f8ac556-798f-4af7-9cfd-33021ea3b29f\sqlite-3.20.1-56e0ff36-90bc-4b34-8f75-88f1f88b2bf7-sqlitejdbc.dll
0x65b00000 - 0x65bdf000 	C:\Temp\room-206a9f9c-e90c-412a-acbe-b4b7340b23f1\sqlite-3.20.1-b7fa4430-ed93-4dd5-9964-35c77295db66-sqlitejdbc.dll
0x74c20000 - 0x74d49000 	C:\Windows\SYSTEM32\dbghelp.dll

VM Arguments:
jvm_args: -Xmx1536m -Dfile.encoding=windows-1252 -Duser.country=US -Duser.language=en -Duser.variant -Xmx1024M 
java_command: org.gradle.launcher.daemon.bootstrap.GradleDaemon 4.1
java_class_path (initial): C:\Users\Aman\.gradle\wrapper\dists\gradle-4.1-all\bzyivzo6n839fup2jbap0tjew\gradle-4.1\lib\gradle-launcher-4.1.jar
Launcher Type: SUN_STANDARD

Environment Variables:
JAVA_HOME=C:\Program Files\Java\jdk1.7.0_06
_JAVA_OPTIONS=-Xmx1024M
PATH=C:\ProgramData\Oracle\Java\javapath;C:\Program Files (x86)\PC Connectivity Solution\;C:\Windows\system32;C:\Windows;C:\Windows\System32\Wbem;C:\Windows\System32\WindowsPowerShell\v1.0\;C:\Program Files\Microsoft\Web Platform Installer\;C:\Program Files (x86)\Microsoft ASP.NET\ASP.NET Web Pages\v1.0\;C:\Program Files\Microsoft SQL Server\110\Tools\Binn\;C:\Program Files (x86)\Microsoft SQL Server\100\Tools\Binn\;C:\Program Files\Microsoft SQL Server\100\Tools\Binn\;C:\Program Files\Microsoft SQL Server\100\DTS\Binn\;c:\Program Files (x86)\Microsoft SQL Server\100\Tools\Binn\VSShell\Common7\IDE\;c:\Program Files (x86)\Microsoft SQL Server\100\DTS\Binn\;C:\Program Files\MongoDB\Server\3.4\bin;C:\Program Files (x86)\MySQL\MySQL Utilities 1.3.6\;C:\Program Files (x86)\Heroku\bin;E:\Softwares Professional\apache-maven-3.3.9-bin\apache-maven-3.3.9\bin;C:\Program Files (x86)\git\cmd;C:\Program Files (x86)\Skype\Phone\;C:\Program Files\TortoiseGit\bin;C:\Program Files\nodejs\;C:\Users\Aman\AppData\Roaming\npm
USERNAME=Aman
OS=Windows_NT
PROCESSOR_IDENTIFIER=Intel64 Family 6 Model 37 Stepping 5, GenuineIntel



---------------  S Y S T E M  ---------------

OS: Windows 8 , 64 bit Build 9200 (6.2.9200.16627)

CPU:total 4 (initial active 4) (2 cores per cpu, 2 threads per core) family 6 model 37 stepping 5, cmov, cx8, fxsr, mmx, sse, sse2, sse3, ssse3, sse4.1, sse4.2, popcnt, ht, tsc, tscinvbit

Memory: 4k page, physical 6084460k(1145736k free), swap 11851628k(4580664k free)

vm_info: Java HotSpot(TM) Client VM (25.161-b12) for windows-x86 JRE (1.8.0_161-b12), built on Dec 19 2017 17:09:29 by "java_re" with MS VC++ 10.0 (VS2010)

time: Sun Dec 29 16:15:50 2019
elapsed time: 21171 seconds (0d 5h 52m 51s)

